
> my-app@0.1.0 dev
> next dev

▲ Next.js 16.2.4 (Turbopack)
- Local:         http://localhost:3000
- Network:       http://192.168.0.2:3000
✓ Ready in 529ms
Attention: Next.js now collects completely anonymous telemetry regarding usage.
This information is used to shape Next.js' roadmap and prioritize features.
You can learn more, including how to opt-out if you'd not like to participate in this anonymous program, by visiting the following URL:
https://nextjs.org/telemetry


○ Compiling / ...
 GET / 200 in 4.9s (next.js: 4.6s, application-code: 343ms)
 GET / 200 in 1593ms (next.js: 792ms, application-code: 801ms)
 GET / 200 in 72ms (next.js: 7ms, application-code: 65ms)
 GET / 200 in 81ms (next.js: 6ms, application-code: 76ms)
 GET / 200 in 83ms (next.js: 8ms, application-code: 75ms)
 GET / 200 in 80ms (next.js: 4ms, application-code: 76ms)
⚠ Found a change in next.config.ts. Restarting the server to apply the changes...
▲ Next.js 16.2.4 (Turbopack)
- Local:         http://localhost:3000
- Network:       http://192.168.0.2:3000
✓ Ready in 1334ms

Error: Turbopack build failed with 1 errors:
./src/app
Error: Next.js inferred your workspace root, but it may not be correct.
    We couldn't find the Next.js package (next/package.json) from the project directory: /app/src/app
     To fix this, set turbopack.root in your Next.js config, or ensure the Next.js package is resolvable from this directory.
    Note: For security and performance reasons, files outside of the project directory will not be compiled.
    See https://nextjs.org/docs/app/api-reference/config/next-config-js/turbopack#root-directory for more information.

    at ignore-listed frames
[?25h
